<?xml version="1.0" encoding="UTF-8"?>
<!-- Generated by org.testng.reporters.JUnitReportReporter -->
<testsuite hostname="QEDGE5564" name="com.ERP.master.exng" tests="2" failures="0" timestamp="26 Aug 2016 09:15:22 GMT" time="0.012" errors="0">
  <testcase name="dcs" time="0.010" classname="com.ERP.master.exng"/>
  <testcase name="dc" time="0.002" classname="com.ERP.master.exng"/>
</testsuite> <!-- com.ERP.master.exng -->
