<?xml version="1.0" encoding="UTF-8"?>
<!-- Generated by org.testng.reporters.JUnitReportReporter -->
<testsuite hostname="QEDGE5564" name="com.ERP.master.pomexe" tests="1" failures="0" timestamp="26 Aug 2016 11:48:50 GMT" time="30.155" errors="0">
  <testcase name="lgexe" time="30.155" classname="com.ERP.master.pomexe"/>
</testsuite> <!-- com.ERP.master.pomexe -->
